This file contains any messages produced by compilers while
running configure, to aid debugging if configure makes a mistake.

It was created by wsnet-2.0 configure 0.7cvs, which was
generated by GNU Autoconf 2.69.  Invocation command line was

  $ ./configure --enable-debug

## --------- ##
## Platform. ##
## --------- ##

hostname = xu-VirtualBox
uname -m = i686
uname -r = 4.10.0-42-generic
uname -s = Linux
uname -v = #46-Ubuntu SMP Mon Dec 4 14:36:05 UTC 2017

/usr/bin/uname -p = unknown
/bin/uname -X     = unknown

/bin/arch              = unknown
/usr/bin/arch -k       = unknown
/usr/convex/getsysinfo = unknown
/usr/bin/hostinfo      = unknown
/bin/machine           = unknown
/usr/bin/oslevel       = unknown
/bin/universe          = unknown

PATH: /usr/local/sbin
PATH: /usr/local/bin
PATH: /usr/sbin
PATH: /usr/bin
PATH: /sbin
PATH: /bin
PATH: /snap/bin


## ----------- ##
## Core tests. ##
## ----------- ##

configure:2232: checking build system type
configure:2246: result: i686-pc-linux-gnu
configure:2266: checking host system type
configure:2279: result: i686-pc-linux-gnu
configure:2299: checking target system type
configure:2312: result: i686-pc-linux-gnu
configure:2354: checking for a BSD-compatible install
configure:2422: result: /usr/bin/install -c
configure:2433: checking whether build environment is sane
configure:2488: result: yes
configure:2639: checking for a thread-safe mkdir -p
configure:2678: result: /bin/mkdir -p
configure:2685: checking for gawk
configure:2715: result: no
configure:2685: checking for mawk
configure:2701: found /usr/bin/mawk
configure:2712: result: mawk
configure:2723: checking whether make sets $(MAKE)
configure:2745: result: yes
configure:2774: checking whether make supports nested variables
configure:2791: result: yes
configure:2938: checking for pkg-config
configure:2957: found /usr/bin/pkg-config
configure:2969: result: /usr/bin/pkg-config
configure:3158: checking how to print strings
configure:3185: result: printf
configure:3218: checking for style of include used by make
configure:3246: result: GNU
configure:3317: checking for gcc
configure:3333: found /usr/bin/gcc
configure:3344: result: gcc
configure:3573: checking for C compiler version
configure:3582: gcc --version >&5
gcc (Ubuntu 6.3.0-12ubuntu2) 6.3.0 20170406
Copyright (C) 2016 Free Software Foundation, Inc.
This is free software; see the source for copying conditions.  There is NO
warranty; not even for MERCHANTABILITY or FITNESS FOR A PARTICULAR PURPOSE.

configure:3593: $? = 0
configure:3582: gcc -v >&5
Using built-in specs.
COLLECT_GCC=gcc
COLLECT_LTO_WRAPPER=/usr/lib/gcc/i686-linux-gnu/6/lto-wrapper
Target: i686-linux-gnu
Configured with: ../src/configure -v --with-pkgversion='Ubuntu 6.3.0-12ubuntu2' --with-bugurl=file:///usr/share/doc/gcc-6/README.Bugs --enable-languages=c,ada,c++,java,go,d,fortran,objc,obj-c++ --prefix=/usr --program-suffix=-6 --program-prefix=i686-linux-gnu- --enable-shared --enable-linker-build-id --libexecdir=/usr/lib --without-included-gettext --enable-threads=posix --libdir=/usr/lib --enable-nls --with-sysroot=/ --enable-clocale=gnu --enable-libstdcxx-debug --enable-libstdcxx-time=yes --with-default-libstdcxx-abi=new --enable-gnu-unique-object --disable-vtable-verify --enable-libmpx --enable-plugin --with-system-zlib --disable-browser-plugin --enable-java-awt=gtk --enable-gtk-cairo --with-java-home=/usr/lib/jvm/java-1.5.0-gcj-6-i386/jre --enable-java-home --with-jvm-root-dir=/usr/lib/jvm/java-1.5.0-gcj-6-i386 --with-jvm-jar-dir=/usr/lib/jvm-exports/java-1.5.0-gcj-6-i386 --with-arch-directory=i386 --with-ecj-jar=/usr/share/java/eclipse-ecj.jar --with-target-system-zlib --enable-objc-gc=auto --enable-targets=all --enable-multiarch --disable-werror --with-arch-32=i686 --with-multilib-list=m32,m64,mx32 --enable-multilib --with-tune=generic --enable-checking=release --build=i686-linux-gnu --host=i686-linux-gnu --target=i686-linux-gnu
Thread model: posix
gcc version 6.3.0 20170406 (Ubuntu 6.3.0-12ubuntu2) 
configure:3593: $? = 0
configure:3582: gcc -V >&5
gcc: error: unrecognized command line option '-V'
gcc: fatal error: no input files
compilation terminated.
configure:3593: $? = 1
configure:3582: gcc -qversion >&5
gcc: error: unrecognized command line option '-qversion'; did you mean '--version'?
gcc: fatal error: no input files
compilation terminated.
configure:3593: $? = 1
configure:3613: checking whether the C compiler works
configure:3635: gcc -g -pg -fno-strict-aliasing -Wall -Wextra -Wno-unused-parameter -Werror -DLIBDIR='"${exec_prefix}/lib"' -DDATADIR='"${datarootdir}"'    conftest.c  >&5
configure:3639: $? = 0
configure:3687: result: yes
configure:3690: checking for C compiler default output file name
configure:3692: result: a.out
configure:3698: checking for suffix of executables
configure:3705: gcc -o conftest -g -pg -fno-strict-aliasing -Wall -Wextra -Wno-unused-parameter -Werror -DLIBDIR='"${exec_prefix}/lib"' -DDATADIR='"${datarootdir}"'    conftest.c  >&5
configure:3709: $? = 0
configure:3731: result: 
configure:3753: checking whether we are cross compiling
configure:3761: gcc -o conftest -g -pg -fno-strict-aliasing -Wall -Wextra -Wno-unused-parameter -Werror -DLIBDIR='"${exec_prefix}/lib"' -DDATADIR='"${datarootdir}"'    conftest.c  >&5
configure:3765: $? = 0
configure:3772: ./conftest
configure:3776: $? = 0
configure:3791: result: no
configure:3796: checking for suffix of object files
configure:3818: gcc -c -g -pg -fno-strict-aliasing -Wall -Wextra -Wno-unused-parameter -Werror -DLIBDIR='"${exec_prefix}/lib"' -DDATADIR='"${datarootdir}"'   conftest.c >&5
configure:3822: $? = 0
configure:3843: result: o
configure:3847: checking whether we are using the GNU C compiler
configure:3866: gcc -c -g -pg -fno-strict-aliasing -Wall -Wextra -Wno-unused-parameter -Werror -DLIBDIR='"${exec_prefix}/lib"' -DDATADIR='"${datarootdir}"'   conftest.c >&5
configure:3866: $? = 0
configure:3875: result: yes
configure:3884: checking whether gcc accepts -g
configure:3904: gcc -c -g  conftest.c >&5
configure:3904: $? = 0
configure:3945: result: yes
configure:3962: checking for gcc option to accept ISO C89
configure:4025: gcc  -c -g -pg -fno-strict-aliasing -Wall -Wextra -Wno-unused-parameter -Werror -DLIBDIR='"${exec_prefix}/lib"' -DDATADIR='"${datarootdir}"'   conftest.c >&5
configure:4025: $? = 0
configure:4038: result: none needed
configure:4063: checking whether gcc understands -c and -o together
configure:4085: gcc -c conftest.c -o conftest2.o
configure:4088: $? = 0
configure:4085: gcc -c conftest.c -o conftest2.o
configure:4088: $? = 0
configure:4100: result: yes
configure:4119: checking dependency style of gcc
configure:4230: result: gcc3
configure:4245: checking for a sed that does not truncate output
configure:4309: result: /bin/sed
configure:4327: checking for grep that handles long lines and -e
configure:4385: result: /bin/grep
configure:4390: checking for egrep
configure:4452: result: /bin/grep -E
configure:4457: checking for fgrep
configure:4519: result: /bin/grep -F
configure:4554: checking for ld used by gcc
configure:4621: result: /usr/bin/ld
configure:4628: checking if the linker (/usr/bin/ld) is GNU ld
configure:4643: result: yes
configure:4655: checking for BSD- or MS-compatible name lister (nm)
configure:4709: result: /usr/bin/nm -B
configure:4839: checking the name lister (/usr/bin/nm -B) interface
configure:4846: gcc -c -g -pg -fno-strict-aliasing -Wall -Wextra -Wno-unused-parameter -Werror -DLIBDIR='"${exec_prefix}/lib"' -DDATADIR='"${datarootdir}"'   conftest.c >&5
configure:4849: /usr/bin/nm -B "conftest.o"
configure:4852: output
00000000 B some_variable
configure:4859: result: BSD nm
configure:4862: checking whether ln -s works
configure:4866: result: yes
configure:4874: checking the maximum length of command line arguments
configure:5005: result: 1572864
configure:5053: checking how to convert i686-pc-linux-gnu file names to i686-pc-linux-gnu format
configure:5093: result: func_convert_file_noop
configure:5100: checking how to convert i686-pc-linux-gnu file names to toolchain format
configure:5120: result: func_convert_file_noop
configure:5127: checking for /usr/bin/ld option to reload object files
configure:5134: result: -r
configure:5208: checking for objdump
configure:5224: found /usr/bin/objdump
configure:5235: result: objdump
configure:5267: checking how to recognize dependent libraries
configure:5467: result: pass_all
configure:5552: checking for dlltool
configure:5582: result: no
configure:5612: checking how to associate runtime and link libraries
configure:5639: result: printf %s\n
configure:5700: checking for ar
configure:5716: found /usr/bin/ar
configure:5727: result: ar
configure:5764: checking for archiver @FILE support
configure:5781: gcc -c -g -pg -fno-strict-aliasing -Wall -Wextra -Wno-unused-parameter -Werror -DLIBDIR='"${exec_prefix}/lib"' -DDATADIR='"${datarootdir}"'   conftest.c >&5
configure:5781: $? = 0
configure:5784: ar cru libconftest.a @conftest.lst >&5
ar: `u' modifier ignored since `D' is the default (see `U')
configure:5787: $? = 0
configure:5792: ar cru libconftest.a @conftest.lst >&5
ar: `u' modifier ignored since `D' is the default (see `U')
ar: conftest.o: No such file or directory
configure:5795: $? = 1
configure:5807: result: @
configure:5865: checking for strip
configure:5881: found /usr/bin/strip
configure:5892: result: strip
configure:5964: checking for ranlib
configure:5980: found /usr/bin/ranlib
configure:5991: result: ranlib
configure:6093: checking command to parse /usr/bin/nm -B output from gcc object
configure:6246: gcc -c -g -pg -fno-strict-aliasing -Wall -Wextra -Wno-unused-parameter -Werror -DLIBDIR='"${exec_prefix}/lib"' -DDATADIR='"${datarootdir}"'   conftest.c >&5
configure:6249: $? = 0
configure:6253: /usr/bin/nm -B conftest.o \| sed -n -e 's/^.*[ ]\([ABCDGIRSTW][ABCDGIRSTW]*\)[ ][ ]*\([_A-Za-z][_A-Za-z0-9]*\)$/\1 \2 \2/p' | sed '/ __gnu_lto/d' \> conftest.nm
configure:6256: $? = 0
configure:6322: gcc -o conftest -g -pg -fno-strict-aliasing -Wall -Wextra -Wno-unused-parameter -Werror -DLIBDIR='"${exec_prefix}/lib"' -DDATADIR='"${datarootdir}"'    conftest.c conftstm.o >&5
configure:6325: $? = 0
configure:6363: result: ok
configure:6410: checking for sysroot
configure:6440: result: no
configure:6447: checking for a working dd
configure:6485: result: /bin/dd
configure:6489: checking how to truncate binary pipes
configure:6504: result: /bin/dd bs=4096 count=1
configure:6833: checking for mt
configure:6849: found /bin/mt
configure:6860: result: mt
configure:6883: checking if mt is a manifest tool
configure:6889: mt '-?'
configure:6897: result: no
configure:7574: checking how to run the C preprocessor
configure:7605: gcc -E  conftest.c
configure:7605: $? = 0
configure:7619: gcc -E  conftest.c
conftest.c:11:28: fatal error: ac_nonexistent.h: No such file or directory
 #include <ac_nonexistent.h>
                            ^
compilation terminated.
configure:7619: $? = 1
configure: failed program was:
| /* confdefs.h */
| #define PACKAGE_NAME "wsnet-2.0"
| #define PACKAGE_TARNAME "wsnet-2-0"
| #define PACKAGE_VERSION "0.7cvs"
| #define PACKAGE_STRING "wsnet-2.0 0.7cvs"
| #define PACKAGE_BUGREPORT ""
| #define PACKAGE_URL ""
| #define PACKAGE "wsnet-2-0"
| #define VERSION "0.7cvs"
| /* end confdefs.h.  */
| #include <ac_nonexistent.h>
configure:7644: result: gcc -E
configure:7664: gcc -E  conftest.c
configure:7664: $? = 0
configure:7678: gcc -E  conftest.c
conftest.c:11:28: fatal error: ac_nonexistent.h: No such file or directory
 #include <ac_nonexistent.h>
                            ^
compilation terminated.
configure:7678: $? = 1
configure: failed program was:
| /* confdefs.h */
| #define PACKAGE_NAME "wsnet-2.0"
| #define PACKAGE_TARNAME "wsnet-2-0"
| #define PACKAGE_VERSION "0.7cvs"
| #define PACKAGE_STRING "wsnet-2.0 0.7cvs"
| #define PACKAGE_BUGREPORT ""
| #define PACKAGE_URL ""
| #define PACKAGE "wsnet-2-0"
| #define VERSION "0.7cvs"
| /* end confdefs.h.  */
| #include <ac_nonexistent.h>
configure:7707: checking for ANSI C header files
configure:7727: gcc -c -g -pg -fno-strict-aliasing -Wall -Wextra -Wno-unused-parameter -Werror -DLIBDIR='"${exec_prefix}/lib"' -DDATADIR='"${datarootdir}"'   conftest.c >&5
configure:7727: $? = 0
configure:7800: gcc -o conftest -g -pg -fno-strict-aliasing -Wall -Wextra -Wno-unused-parameter -Werror -DLIBDIR='"${exec_prefix}/lib"' -DDATADIR='"${datarootdir}"'    conftest.c  >&5
configure:7800: $? = 0
configure:7800: ./conftest
configure:7800: $? = 0
configure:7811: result: yes
configure:7824: checking for sys/types.h
configure:7824: gcc -c -g -pg -fno-strict-aliasing -Wall -Wextra -Wno-unused-parameter -Werror -DLIBDIR='"${exec_prefix}/lib"' -DDATADIR='"${datarootdir}"'   conftest.c >&5
configure:7824: $? = 0
configure:7824: result: yes
configure:7824: checking for sys/stat.h
configure:7824: gcc -c -g -pg -fno-strict-aliasing -Wall -Wextra -Wno-unused-parameter -Werror -DLIBDIR='"${exec_prefix}/lib"' -DDATADIR='"${datarootdir}"'   conftest.c >&5
configure:7824: $? = 0
configure:7824: result: yes
configure:7824: checking for stdlib.h
configure:7824: gcc -c -g -pg -fno-strict-aliasing -Wall -Wextra -Wno-unused-parameter -Werror -DLIBDIR='"${exec_prefix}/lib"' -DDATADIR='"${datarootdir}"'   conftest.c >&5
configure:7824: $? = 0
configure:7824: result: yes
configure:7824: checking for string.h
configure:7824: gcc -c -g -pg -fno-strict-aliasing -Wall -Wextra -Wno-unused-parameter -Werror -DLIBDIR='"${exec_prefix}/lib"' -DDATADIR='"${datarootdir}"'   conftest.c >&5
configure:7824: $? = 0
configure:7824: result: yes
configure:7824: checking for memory.h
configure:7824: gcc -c -g -pg -fno-strict-aliasing -Wall -Wextra -Wno-unused-parameter -Werror -DLIBDIR='"${exec_prefix}/lib"' -DDATADIR='"${datarootdir}"'   conftest.c >&5
configure:7824: $? = 0
configure:7824: result: yes
configure:7824: checking for strings.h
configure:7824: gcc -c -g -pg -fno-strict-aliasing -Wall -Wextra -Wno-unused-parameter -Werror -DLIBDIR='"${exec_prefix}/lib"' -DDATADIR='"${datarootdir}"'   conftest.c >&5
configure:7824: $? = 0
configure:7824: result: yes
configure:7824: checking for inttypes.h
configure:7824: gcc -c -g -pg -fno-strict-aliasing -Wall -Wextra -Wno-unused-parameter -Werror -DLIBDIR='"${exec_prefix}/lib"' -DDATADIR='"${datarootdir}"'   conftest.c >&5
configure:7824: $? = 0
configure:7824: result: yes
configure:7824: checking for stdint.h
configure:7824: gcc -c -g -pg -fno-strict-aliasing -Wall -Wextra -Wno-unused-parameter -Werror -DLIBDIR='"${exec_prefix}/lib"' -DDATADIR='"${datarootdir}"'   conftest.c >&5
configure:7824: $? = 0
configure:7824: result: yes
configure:7824: checking for unistd.h
configure:7824: gcc -c -g -pg -fno-strict-aliasing -Wall -Wextra -Wno-unused-parameter -Werror -DLIBDIR='"${exec_prefix}/lib"' -DDATADIR='"${datarootdir}"'   conftest.c >&5
configure:7824: $? = 0
configure:7824: result: yes
configure:7838: checking for dlfcn.h
configure:7838: gcc -c -g -pg -fno-strict-aliasing -Wall -Wextra -Wno-unused-parameter -Werror -DLIBDIR='"${exec_prefix}/lib"' -DDATADIR='"${datarootdir}"'   conftest.c >&5
configure:7838: $? = 0
configure:7838: result: yes
configure:8092: checking for objdir
configure:8107: result: .libs
configure:8371: checking if gcc supports -fno-rtti -fno-exceptions
configure:8389: gcc -c -g -pg -fno-strict-aliasing -Wall -Wextra -Wno-unused-parameter -Werror -DLIBDIR='"${exec_prefix}/lib"' -DDATADIR='"${datarootdir}"'   -fno-rtti -fno-exceptions conftest.c >&5
cc1: error: command line option '-fno-rtti' is valid for C++/ObjC++ but not for C [-Werror]
cc1: all warnings being treated as errors
configure:8393: $? = 1
configure:8406: result: no
configure:8764: checking for gcc option to produce PIC
configure:8771: result: -fPIC -DPIC
configure:8779: checking if gcc PIC flag -fPIC -DPIC works
configure:8797: gcc -c -g -pg -fno-strict-aliasing -Wall -Wextra -Wno-unused-parameter -Werror -DLIBDIR='"${exec_prefix}/lib"' -DDATADIR='"${datarootdir}"'   -fPIC -DPIC -DPIC conftest.c >&5
configure:8801: $? = 0
configure:8814: result: yes
configure:8843: checking if gcc static flag -static works
configure:8871: result: yes
configure:8886: checking if gcc supports -c -o file.o
configure:8907: gcc -c -g -pg -fno-strict-aliasing -Wall -Wextra -Wno-unused-parameter -Werror -DLIBDIR='"${exec_prefix}/lib"' -DDATADIR='"${datarootdir}"'   -o out/conftest2.o conftest.c >&5
configure:8911: $? = 0
configure:8933: result: yes
configure:8941: checking if gcc supports -c -o file.o
configure:8988: result: yes
configure:9021: checking whether the gcc linker (/usr/bin/ld) supports shared libraries
configure:10284: result: yes
configure:10321: checking whether -lc should be explicitly linked in
configure:10329: gcc -c -g -pg -fno-strict-aliasing -Wall -Wextra -Wno-unused-parameter -Werror -DLIBDIR='"${exec_prefix}/lib"' -DDATADIR='"${datarootdir}"'   conftest.c >&5
configure:10332: $? = 0
configure:10347: gcc -shared  -fPIC -DPIC conftest.o  -v -Wl,-soname -Wl,conftest -o conftest 2\>\&1 \| /bin/grep  -lc  \>/dev/null 2\>\&1
configure:10350: $? = 0
configure:10364: result: no
configure:10524: checking dynamic linker characteristics
configure:11105: gcc -o conftest -g -pg -fno-strict-aliasing -Wall -Wextra -Wno-unused-parameter -Werror -DLIBDIR='"${exec_prefix}/lib"' -DDATADIR='"${datarootdir}"'    -Wl,-rpath -Wl,/foo conftest.c  >&5
configure:11105: $? = 0
configure:11354: result: GNU/Linux ld.so
configure:11476: checking how to hardcode library paths into programs
configure:11501: result: immediate
configure:11603: checking for shl_load
configure:11603: gcc -o conftest -g -pg -fno-strict-aliasing -Wall -Wextra -Wno-unused-parameter -Werror -DLIBDIR='"${exec_prefix}/lib"' -DDATADIR='"${datarootdir}"'    conftest.c  >&5
/tmp/ccMKwsZI.o: In function `main':
/home/xu/wsnet/conftest.c:57: undefined reference to `shl_load'
collect2: error: ld returned 1 exit status
configure:11603: $? = 1
configure: failed program was:
| /* confdefs.h */
| #define PACKAGE_NAME "wsnet-2.0"
| #define PACKAGE_TARNAME "wsnet-2-0"
| #define PACKAGE_VERSION "0.7cvs"
| #define PACKAGE_STRING "wsnet-2.0 0.7cvs"
| #define PACKAGE_BUGREPORT ""
| #define PACKAGE_URL ""
| #define PACKAGE "wsnet-2-0"
| #define VERSION "0.7cvs"
| #define STDC_HEADERS 1
| #define HAVE_SYS_TYPES_H 1
| #define HAVE_SYS_STAT_H 1
| #define HAVE_STDLIB_H 1
| #define HAVE_STRING_H 1
| #define HAVE_MEMORY_H 1
| #define HAVE_STRINGS_H 1
| #define HAVE_INTTYPES_H 1
| #define HAVE_STDINT_H 1
| #define HAVE_UNISTD_H 1
| #define HAVE_DLFCN_H 1
| #define LT_OBJDIR ".libs/"
| /* end confdefs.h.  */
| /* Define shl_load to an innocuous variant, in case <limits.h> declares shl_load.
|    For example, HP-UX 11i <limits.h> declares gettimeofday.  */
| #define shl_load innocuous_shl_load
| 
| /* System header to define __stub macros and hopefully few prototypes,
|     which can conflict with char shl_load (); below.
|     Prefer <limits.h> to <assert.h> if __STDC__ is defined, since
|     <limits.h> exists even on freestanding compilers.  */
| 
| #ifdef __STDC__
| # include <limits.h>
| #else
| # include <assert.h>
| #endif
| 
| #undef shl_load
| 
| /* Override any GCC internal prototype to avoid an error.
|    Use char because int might match the return type of a GCC
|    builtin and then its argument prototype would still apply.  */
| #ifdef __cplusplus
| extern "C"
| #endif
| char shl_load ();
| /* The GNU C library defines this for functions which it implements
|     to always fail with ENOSYS.  Some functions are actually named
|     something starting with __ and the normal name is an alias.  */
| #if defined __stub_shl_load || defined __stub___shl_load
| choke me
| #endif
| 
| int
| main ()
| {
| return shl_load ();
|   ;
|   return 0;
| }
configure:11603: result: no
configure:11607: checking for shl_load in -ldld
configure:11632: gcc -o conftest -g -pg -fno-strict-aliasing -Wall -Wextra -Wno-unused-parameter -Werror -DLIBDIR='"${exec_prefix}/lib"' -DDATADIR='"${datarootdir}"'    conftest.c -ldld   >&5
/usr/bin/ld: cannot find -ldld
collect2: error: ld returned 1 exit status
configure:11632: $? = 1
configure: failed program was:
| /* confdefs.h */
| #define PACKAGE_NAME "wsnet-2.0"
| #define PACKAGE_TARNAME "wsnet-2-0"
| #define PACKAGE_VERSION "0.7cvs"
| #define PACKAGE_STRING "wsnet-2.0 0.7cvs"
| #define PACKAGE_BUGREPORT ""
| #define PACKAGE_URL ""
| #define PACKAGE "wsnet-2-0"
| #define VERSION "0.7cvs"
| #define STDC_HEADERS 1
| #define HAVE_SYS_TYPES_H 1
| #define HAVE_SYS_STAT_H 1
| #define HAVE_STDLIB_H 1
| #define HAVE_STRING_H 1
| #define HAVE_MEMORY_H 1
| #define HAVE_STRINGS_H 1
| #define HAVE_INTTYPES_H 1
| #define HAVE_STDINT_H 1
| #define HAVE_UNISTD_H 1
| #define HAVE_DLFCN_H 1
| #define LT_OBJDIR ".libs/"
| /* end confdefs.h.  */
| 
| /* Override any GCC internal prototype to avoid an error.
|    Use char because int might match the return type of a GCC
|    builtin and then its argument prototype would still apply.  */
| #ifdef __cplusplus
| extern "C"
| #endif
| char shl_load ();
| int
| main ()
| {
| return shl_load ();
|   ;
|   return 0;
| }
configure:11641: result: no
configure:11646: checking for dlopen
configure:11646: gcc -o conftest -g -pg -fno-strict-aliasing -Wall -Wextra -Wno-unused-parameter -Werror -DLIBDIR='"${exec_prefix}/lib"' -DDATADIR='"${datarootdir}"'    conftest.c  >&5
/tmp/ccxnNSRN.o: In function `main':
/home/xu/wsnet/conftest.c:57: undefined reference to `dlopen'
collect2: error: ld returned 1 exit status
configure:11646: $? = 1
configure: failed program was:
| /* confdefs.h */
| #define PACKAGE_NAME "wsnet-2.0"
| #define PACKAGE_TARNAME "wsnet-2-0"
| #define PACKAGE_VERSION "0.7cvs"
| #define PACKAGE_STRING "wsnet-2.0 0.7cvs"
| #define PACKAGE_BUGREPORT ""
| #define PACKAGE_URL ""
| #define PACKAGE "wsnet-2-0"
| #define VERSION "0.7cvs"
| #define STDC_HEADERS 1
| #define HAVE_SYS_TYPES_H 1
| #define HAVE_SYS_STAT_H 1
| #define HAVE_STDLIB_H 1
| #define HAVE_STRING_H 1
| #define HAVE_MEMORY_H 1
| #define HAVE_STRINGS_H 1
| #define HAVE_INTTYPES_H 1
| #define HAVE_STDINT_H 1
| #define HAVE_UNISTD_H 1
| #define HAVE_DLFCN_H 1
| #define LT_OBJDIR ".libs/"
| /* end confdefs.h.  */
| /* Define dlopen to an innocuous variant, in case <limits.h> declares dlopen.
|    For example, HP-UX 11i <limits.h> declares gettimeofday.  */
| #define dlopen innocuous_dlopen
| 
| /* System header to define __stub macros and hopefully few prototypes,
|     which can conflict with char dlopen (); below.
|     Prefer <limits.h> to <assert.h> if __STDC__ is defined, since
|     <limits.h> exists even on freestanding compilers.  */
| 
| #ifdef __STDC__
| # include <limits.h>
| #else
| # include <assert.h>
| #endif
| 
| #undef dlopen
| 
| /* Override any GCC internal prototype to avoid an error.
|    Use char because int might match the return type of a GCC
|    builtin and then its argument prototype would still apply.  */
| #ifdef __cplusplus
| extern "C"
| #endif
| char dlopen ();
| /* The GNU C library defines this for functions which it implements
|     to always fail with ENOSYS.  Some functions are actually named
|     something starting with __ and the normal name is an alias.  */
| #if defined __stub_dlopen || defined __stub___dlopen
| choke me
| #endif
| 
| int
| main ()
| {
| return dlopen ();
|   ;
|   return 0;
| }
configure:11646: result: no
configure:11650: checking for dlopen in -ldl
configure:11675: gcc -o conftest -g -pg -fno-strict-aliasing -Wall -Wextra -Wno-unused-parameter -Werror -DLIBDIR='"${exec_prefix}/lib"' -DDATADIR='"${datarootdir}"'    conftest.c -ldl   >&5
configure:11675: $? = 0
configure:11684: result: yes
configure:11803: checking whether a program can dlopen itself
configure:11883: gcc -o conftest -g -pg -fno-strict-aliasing -Wall -Wextra -Wno-unused-parameter -Werror -DLIBDIR='"${exec_prefix}/lib"' -DDATADIR='"${datarootdir}"'   -DHAVE_DLFCN_H  -Wl,--export-dynamic conftest.c -ldl  >&5
configure:11886: $? = 0
configure:11904: result: yes
configure:11909: checking whether a statically linked program can dlopen itself
configure:11989: gcc -o conftest -g -pg -fno-strict-aliasing -Wall -Wextra -Wno-unused-parameter -Werror -DLIBDIR='"${exec_prefix}/lib"' -DDATADIR='"${datarootdir}"'   -DHAVE_DLFCN_H  -Wl,--export-dynamic -static conftest.c -ldl  >&5
/tmp/ccrZOQBG.o: In function `main':
/home/xu/wsnet/configure:11968: warning: Using 'dlopen' in statically linked applications requires at runtime the shared libraries from the glibc version used for linking
/usr/bin/ld: dynamic STT_GNU_IFUNC symbol `strcmp' with pointer equality in `/usr/lib/gcc/i686-linux-gnu/6/../../../i386-linux-gnu/libc.a(strcmp.o)' can not be used when making an executable; recompile with -fPIE and relink with -pie
collect2: error: ld returned 1 exit status
configure:11992: $? = 1
configure:12010: result: no
configure:12049: checking whether stripping libraries is possible
configure:12054: result: yes
configure:12089: checking if libtool supports shared libraries
configure:12091: result: yes
configure:12094: checking whether to build shared libraries
configure:12119: result: yes
configure:12122: checking whether to build static libraries
configure:12126: result: yes
configure:12211: checking for gcc
configure:12238: result: gcc
configure:12467: checking for C compiler version
configure:12476: gcc --version >&5
gcc (Ubuntu 6.3.0-12ubuntu2) 6.3.0 20170406
Copyright (C) 2016 Free Software Foundation, Inc.
This is free software; see the source for copying conditions.  There is NO
warranty; not even for MERCHANTABILITY or FITNESS FOR A PARTICULAR PURPOSE.

configure:12487: $? = 0
configure:12476: gcc -v >&5
Using built-in specs.
COLLECT_GCC=gcc
COLLECT_LTO_WRAPPER=/usr/lib/gcc/i686-linux-gnu/6/lto-wrapper
Target: i686-linux-gnu
Configured with: ../src/configure -v --with-pkgversion='Ubuntu 6.3.0-12ubuntu2' --with-bugurl=file:///usr/share/doc/gcc-6/README.Bugs --enable-languages=c,ada,c++,java,go,d,fortran,objc,obj-c++ --prefix=/usr --program-suffix=-6 --program-prefix=i686-linux-gnu- --enable-shared --enable-linker-build-id --libexecdir=/usr/lib --without-included-gettext --enable-threads=posix --libdir=/usr/lib --enable-nls --with-sysroot=/ --enable-clocale=gnu --enable-libstdcxx-debug --enable-libstdcxx-time=yes --with-default-libstdcxx-abi=new --enable-gnu-unique-object --disable-vtable-verify --enable-libmpx --enable-plugin --with-system-zlib --disable-browser-plugin --enable-java-awt=gtk --enable-gtk-cairo --with-java-home=/usr/lib/jvm/java-1.5.0-gcj-6-i386/jre --enable-java-home --with-jvm-root-dir=/usr/lib/jvm/java-1.5.0-gcj-6-i386 --with-jvm-jar-dir=/usr/lib/jvm-exports/java-1.5.0-gcj-6-i386 --with-arch-directory=i386 --with-ecj-jar=/usr/share/java/eclipse-ecj.jar --with-target-system-zlib --enable-objc-gc=auto --enable-targets=all --enable-multiarch --disable-werror --with-arch-32=i686 --with-multilib-list=m32,m64,mx32 --enable-multilib --with-tune=generic --enable-checking=release --build=i686-linux-gnu --host=i686-linux-gnu --target=i686-linux-gnu
Thread model: posix
gcc version 6.3.0 20170406 (Ubuntu 6.3.0-12ubuntu2) 
configure:12487: $? = 0
configure:12476: gcc -V >&5
gcc: error: unrecognized command line option '-V'
gcc: fatal error: no input files
compilation terminated.
configure:12487: $? = 1
configure:12476: gcc -qversion >&5
gcc: error: unrecognized command line option '-qversion'; did you mean '--version'?
gcc: fatal error: no input files
compilation terminated.
configure:12487: $? = 1
configure:12491: checking whether we are using the GNU C compiler
configure:12519: result: yes
configure:12528: checking whether gcc accepts -g
configure:12589: result: yes
configure:12606: checking for gcc option to accept ISO C89
configure:12682: result: none needed
configure:12707: checking whether gcc understands -c and -o together
configure:12744: result: yes
configure:12763: checking dependency style of gcc
configure:12874: result: gcc3
configure:12939: checking for gcj
configure:12969: result: no
configure:12998: checking dependency style of gcj
configure:13107: result: none
configure:13230: checking dependency style of gcj
configure:13339: result: none
configure:13438: checking if gcj supports -fno-rtti -fno-exceptions
configure:13473: result: no
configure:13828: checking for gcj option to produce PIC
configure:13835: result: -fPIC
configure:13843: checking if gcj PIC flag -fPIC works
configure:13861: gcj -c -g -O2  -fPIC conftest.java >&5
./configure: line 13862: gcj: command not found
configure:13865: $? = 127
configure:13878: result: no
configure:13901: checking if gcj static flag -static works
configure:13929: result: no
configure:13941: checking if gcj supports -c -o file.o
configure:13962: gcj -c -g -O2  -o out/conftest2.o conftest.java >&5
./configure: line 13963: gcj: command not found
configure:13966: $? = 127
configure:13988: result: no
configure:13993: checking if gcj supports -c -o file.o
configure:14040: result: no
configure:14070: checking whether the gcj linker (/usr/bin/ld) supports shared libraries
configure:15294: result: yes
configure:15435: checking how to hardcode library paths into programs
configure:15460: result: immediate
configure:15604: checking that generated files are newer than configure
configure:15610: result: done
configure:15645: creating ./config.status

## ---------------------- ##
## Running config.status. ##
## ---------------------- ##

This file was extended by wsnet-2.0 config.status 0.7cvs, which was
generated by GNU Autoconf 2.69.  Invocation command line was

  CONFIG_FILES    = 
  CONFIG_HEADERS  = 
  CONFIG_LINKS    = 
  CONFIG_COMMANDS = 
  $ ./config.status 

on xu-VirtualBox

config.status:1207: creating include/Makefile
config.status:1207: creating libraries/mem_fs/malloc/Makefile
config.status:1207: creating libraries/mem_fs/prealloc/Makefile
config.status:1207: creating libraries/mem_fs/Makefile
config.status:1207: creating libraries/das/list/Makefile
config.status:1207: creating libraries/das/Makefile
config.status:1207: creating libraries/sodas/list/Makefile
config.status:1207: creating libraries/sodas/heap/Makefile
config.status:1207: creating libraries/sodas/Makefile
config.status:1207: creating libraries/timer/Makefile
config.status:1207: creating libraries/hadas/hash/Makefile
config.status:1207: creating libraries/hadas/Makefile
config.status:1207: creating libraries/spadas/dbtree/Makefile
config.status:1207: creating libraries/spadas/flat/Makefile
config.status:1207: creating libraries/spadas/grid/Makefile
config.status:1207: creating libraries/spadas/Makefile
config.status:1207: creating libraries/worldsens/Makefile
config.status:1207: creating libraries/Makefile
config.status:1207: creating models/propagation/Makefile
config.status:1207: creating models/interferences/Makefile
config.status:1207: creating models/modulation/Makefile
config.status:1207: creating models/environment/Makefile
config.status:1207: creating models/monitor/Makefile
config.status:1207: creating models/application/data_d/lbdd/Makefile
config.status:1207: creating models/application/data_d/xy/Makefile
config.status:1207: creating models/application/data_d/ght/Makefile
config.status:1207: creating models/application/data_d/gossip/Makefile
config.status:1207: creating models/application/data_d/Makefile
config.status:1207: creating models/application/Makefile
config.status:1207: creating models/routing/Makefile
config.status:1207: creating models/mac/Makefile
config.status:1207: creating models/radio/Makefile
config.status:1207: creating models/antenna/Makefile
config.status:1207: creating models/mobility/Makefile
config.status:1207: creating models/energy/Makefile
config.status:1207: creating models/noise/Makefile
config.status:1207: creating models/Makefile
config.status:1207: creating src/scheduler/local/Makefile
config.status:1207: creating src/scheduler/distant/Makefile
config.status:1207: creating src/scheduler/Makefile
config.status:1207: creating src/Makefile
config.status:1207: creating utils/topogen/Makefile
config.status:1207: creating utils/replay/Makefile
config.status:1207: creating utils/matlab_functions/maps/Makefile
config.status:1207: creating utils/matlab_functions/Makefile
config.status:1207: creating utils/gnuplot_functions/activenodes/Makefile
config.status:1207: creating utils/gnuplot_functions/Makefile
config.status:1207: creating utils/scripts/Makefile
config.status:1207: creating utils/Makefile
config.status:1207: creating demo/Makefile
config.status:1207: creating doc/module_dev/Makefile
config.status:1207: creating doc/Makefile
config.status:1207: creating Makefile
config.status:1207: creating config.h
config.status:1388: config.h is unchanged
config.status:1436: executing depfiles commands
config.status:1436: executing libtool commands

## ---------------- ##
## Cache variables. ##
## ---------------- ##

ac_cv_build=i686-pc-linux-gnu
ac_cv_c_compiler_gnu=yes
ac_cv_env_CC_set=
ac_cv_env_CC_value=
ac_cv_env_CFLAGS_set=
ac_cv_env_CFLAGS_value=
ac_cv_env_CPPFLAGS_set=
ac_cv_env_CPPFLAGS_value=
ac_cv_env_CPP_set=
ac_cv_env_CPP_value=
ac_cv_env_GLIB_FLAGS_set=
ac_cv_env_GLIB_FLAGS_value=
ac_cv_env_GLIB_LIBS_set=
ac_cv_env_GLIB_LIBS_value=
ac_cv_env_GSL_FLAGS_set=
ac_cv_env_GSL_FLAGS_value=
ac_cv_env_GSL_LIBS_set=
ac_cv_env_GSL_LIBS_value=
ac_cv_env_LDFLAGS_set=
ac_cv_env_LDFLAGS_value=
ac_cv_env_LIBS_set=
ac_cv_env_LIBS_value=
ac_cv_env_LT_SYS_LIBRARY_PATH_set=
ac_cv_env_LT_SYS_LIBRARY_PATH_value=
ac_cv_env_PKG_CONFIG_DIR_set=
ac_cv_env_PKG_CONFIG_DIR_value=
ac_cv_env_XML_FLAGS_set=
ac_cv_env_XML_FLAGS_value=
ac_cv_env_XML_LIBS_set=
ac_cv_env_XML_LIBS_value=
ac_cv_env_build_alias_set=
ac_cv_env_build_alias_value=
ac_cv_env_host_alias_set=
ac_cv_env_host_alias_value=
ac_cv_env_target_alias_set=
ac_cv_env_target_alias_value=
ac_cv_func_dlopen=no
ac_cv_func_shl_load=no
ac_cv_header_dlfcn_h=yes
ac_cv_header_inttypes_h=yes
ac_cv_header_memory_h=yes
ac_cv_header_stdc=yes
ac_cv_header_stdint_h=yes
ac_cv_header_stdlib_h=yes
ac_cv_header_string_h=yes
ac_cv_header_strings_h=yes
ac_cv_header_sys_stat_h=yes
ac_cv_header_sys_types_h=yes
ac_cv_header_unistd_h=yes
ac_cv_host=i686-pc-linux-gnu
ac_cv_lib_dl_dlopen=yes
ac_cv_lib_dld_shl_load=no
ac_cv_objext=o
ac_cv_path_EGREP='/bin/grep -E'
ac_cv_path_FGREP='/bin/grep -F'
ac_cv_path_GREP=/bin/grep
ac_cv_path_PKG_CONFIG=/usr/bin/pkg-config
ac_cv_path_SED=/bin/sed
ac_cv_path_install='/usr/bin/install -c'
ac_cv_path_lt_DD=/bin/dd
ac_cv_path_mkdir=/bin/mkdir
ac_cv_prog_AWK=mawk
ac_cv_prog_CPP='gcc -E'
ac_cv_prog_ac_ct_AR=ar
ac_cv_prog_ac_ct_CC=gcc
ac_cv_prog_ac_ct_MANIFEST_TOOL=mt
ac_cv_prog_ac_ct_OBJDUMP=objdump
ac_cv_prog_ac_ct_RANLIB=ranlib
ac_cv_prog_ac_ct_STRIP=strip
ac_cv_prog_cc_c89=
ac_cv_prog_cc_g=yes
ac_cv_prog_make_make_set=yes
ac_cv_target=i686-pc-linux-gnu
am_cv_CC_dependencies_compiler_type=gcc3
am_cv_GCJ_dependencies_compiler_type=none
am_cv_make_support_nested_variables=yes
am_cv_prog_cc_c_o=yes
lt_cv_ar_at_file=@
lt_cv_archive_cmds_need_lc=no
lt_cv_deplibs_check_method=pass_all
lt_cv_dlopen=dlopen
lt_cv_dlopen_libs=-ldl
lt_cv_dlopen_self=yes
lt_cv_dlopen_self_static=no
lt_cv_file_magic_cmd='$MAGIC_CMD'
lt_cv_file_magic_test_file=
lt_cv_ld_reload_flag=-r
lt_cv_nm_interface='BSD nm'
lt_cv_objdir=.libs
lt_cv_path_LD=/usr/bin/ld
lt_cv_path_NM='/usr/bin/nm -B'
lt_cv_path_mainfest_tool=no
lt_cv_prog_compiler_c_o=yes
lt_cv_prog_compiler_c_o_GCJ=no
lt_cv_prog_compiler_pic='-fPIC -DPIC'
lt_cv_prog_compiler_pic_GCJ=-fPIC
lt_cv_prog_compiler_pic_works=yes
lt_cv_prog_compiler_pic_works_GCJ=no
lt_cv_prog_compiler_rtti_exceptions=no
lt_cv_prog_compiler_static_works=yes
lt_cv_prog_compiler_static_works_GCJ=no
lt_cv_prog_gnu_ld=yes
lt_cv_sharedlib_from_linklib_cmd='printf %s\n'
lt_cv_shlibpath_overrides_runpath=yes
lt_cv_sys_global_symbol_pipe='sed -n -e '\''s/^.*[	 ]\([ABCDGIRSTW][ABCDGIRSTW]*\)[	 ][	 ]*\([_A-Za-z][_A-Za-z0-9]*\)$/\1 \2 \2/p'\'' | sed '\''/ __gnu_lto/d'\'''
lt_cv_sys_global_symbol_to_c_name_address='sed -n -e '\''s/^: \(.*\) .*$/  {"\1", (void *) 0},/p'\'' -e '\''s/^[ABCDGIRSTW][ABCDGIRSTW]* .* \(.*\)$/  {"\1", (void *) \&\1},/p'\'''
lt_cv_sys_global_symbol_to_c_name_address_lib_prefix='sed -n -e '\''s/^: \(.*\) .*$/  {"\1", (void *) 0},/p'\'' -e '\''s/^[ABCDGIRSTW][ABCDGIRSTW]* .* \(lib.*\)$/  {"\1", (void *) \&\1},/p'\'' -e '\''s/^[ABCDGIRSTW][ABCDGIRSTW]* .* \(.*\)$/  {"lib\1", (void *) \&\1},/p'\'''
lt_cv_sys_global_symbol_to_cdecl='sed -n -e '\''s/^T .* \(.*\)$/extern int \1();/p'\'' -e '\''s/^[ABCDGIRSTW][ABCDGIRSTW]* .* \(.*\)$/extern char \1;/p'\'''
lt_cv_sys_global_symbol_to_import=
lt_cv_sys_max_cmd_len=1572864
lt_cv_to_host_file_cmd=func_convert_file_noop
lt_cv_to_tool_file_cmd=func_convert_file_noop
lt_cv_truncate_bin='/bin/dd bs=4096 count=1'

## ----------------- ##
## Output variables. ##
## ----------------- ##

ACLOCAL='${SHELL} /home/xu/wsnet/missing aclocal-1.15'
AMDEPBACKSLASH='\'
AMDEP_FALSE='#'
AMDEP_TRUE=''
AMTAR='$${TAR-tar}'
AM_BACKSLASH='\'
AM_DEFAULT_V='$(AM_DEFAULT_VERBOSITY)'
AM_DEFAULT_VERBOSITY='1'
AM_V='$(V)'
AR='ar'
AUTOCONF='${SHELL} /home/xu/wsnet/missing autoconf'
AUTOHEADER='${SHELL} /home/xu/wsnet/missing autoheader'
AUTOMAKE='${SHELL} /home/xu/wsnet/missing automake-1.15'
AWK='mawk'
CC='gcc'
CCDEPMODE='depmode=gcc3'
CFLAGS='-g -pg -fno-strict-aliasing -Wall -Wextra -Wno-unused-parameter -Werror -DLIBDIR='\''"${exec_prefix}/lib"'\'' -DDATADIR='\''"${datarootdir}"'\'' '
CPP='gcc -E'
CPPFLAGS=''
CYGPATH_W='echo'
DAS='list'
DEFS='-DHAVE_CONFIG_H'
DEPDIR='.deps'
DLLTOOL='false'
DSYMUTIL=''
DUMPBIN=''
ECHO_C=''
ECHO_N='-n'
ECHO_T=''
EGREP='/bin/grep -E'
EXEEXT=''
FGREP='/bin/grep -F'
GCJ='gcj'
GCJDEPMODE='depmode=none'
GCJFLAGS='-g -O2'
GLIB_FLAGS='-pthread -I/usr/include/glib-2.0 -I/usr/lib/i386-linux-gnu/glib-2.0/include'
GLIB_LIBS='-Wl,--export-dynamic -lgmodule-2.0 -pthread -lglib-2.0'
GREP='/bin/grep'
GSL_FLAGS=''
GSL_LIBS='-lgsl -lgslcblas -lm'
HADAS='hash'
INSTALL_DATA='${INSTALL} -m 644'
INSTALL_PROGRAM='${INSTALL}'
INSTALL_SCRIPT='${INSTALL}'
INSTALL_STRIP_PROGRAM='$(install_sh) -c -s'
LD='/usr/bin/ld'
LDFLAGS=''
LIBOBJS=''
LIBS=''
LIBTOOL='$(SHELL) $(top_builddir)/libtool'
LIPO=''
LN_S='ln -s'
LTLIBOBJS=''
LT_SYS_LIBRARY_PATH=''
MAKEINFO='${SHELL} /home/xu/wsnet/missing makeinfo'
MANIFEST_TOOL=':'
MEM_FS='prealloc'
MKDIR_P='/bin/mkdir -p'
NM='/usr/bin/nm -B'
NMEDIT=''
OBJDUMP='objdump'
OBJEXT='o'
OTOOL64=''
OTOOL=''
PACKAGE='wsnet-2-0'
PACKAGE_BUGREPORT=''
PACKAGE_NAME='wsnet-2.0'
PACKAGE_STRING='wsnet-2.0 0.7cvs'
PACKAGE_TARNAME='wsnet-2-0'
PACKAGE_URL=''
PACKAGE_VERSION='0.7cvs'
PATH_SEPARATOR=':'
PKG_CONFIG='/usr/bin/pkg-config'
PKG_CONFIG_DIR=''
RANLIB='ranlib'
SCHEDULER='distant'
SED='/bin/sed'
SET_MAKE=''
SHELL='/bin/bash'
SODAS='heap'
SPADAS='grid'
STRIP='strip'
VERSION='0.7cvs'
XML_FLAGS='-I/usr/include/libxml2'
XML_LIBS='-lxml2'
ac_ct_AR='ar'
ac_ct_CC='gcc'
ac_ct_DUMPBIN=''
ac_ct_GCJ=''
am__EXEEXT_FALSE=''
am__EXEEXT_TRUE='#'
am__fastdepCC_FALSE='#'
am__fastdepCC_TRUE=''
am__fastdepGCJ_FALSE=''
am__fastdepGCJ_TRUE='#'
am__include='include'
am__isrc=''
am__leading_dot='.'
am__nodep='_no'
am__quote=''
am__tar='$${TAR-tar} chof - "$$tardir"'
am__untar='$${TAR-tar} xf -'
bindir='${exec_prefix}/bin'
build='i686-pc-linux-gnu'
build_alias=''
build_cpu='i686'
build_os='linux-gnu'
build_vendor='pc'
datadir='${datarootdir}'
datarootdir='${prefix}/share'
docdir='${datarootdir}/doc/${PACKAGE_TARNAME}'
dvidir='${docdir}'
exec_prefix='${prefix}'
host='i686-pc-linux-gnu'
host_alias=''
host_cpu='i686'
host_os='linux-gnu'
host_vendor='pc'
htmldir='${docdir}'
includedir='${prefix}/include'
infodir='${datarootdir}/info'
install_sh='${SHELL} /home/xu/wsnet/install-sh'
libdir='${exec_prefix}/lib'
libexecdir='${exec_prefix}/libexec'
localedir='${datarootdir}/locale'
localstatedir='${prefix}/var'
mandir='${datarootdir}/man'
mkdir_p='$(MKDIR_P)'
oldincludedir='/usr/include'
pdfdir='${docdir}'
prefix='/usr/local/wsnet-2.0'
program_transform_name='s,x,x,'
psdir='${docdir}'
runstatedir='${localstatedir}/run'
sbindir='${exec_prefix}/sbin'
sharedstatedir='${prefix}/com'
sysconfdir='${prefix}/etc'
target='i686-pc-linux-gnu'
target_alias=''
target_cpu='i686'
target_os='linux-gnu'
target_vendor='pc'

## ----------- ##
## confdefs.h. ##
## ----------- ##

/* confdefs.h */
#define PACKAGE_NAME "wsnet-2.0"
#define PACKAGE_TARNAME "wsnet-2-0"
#define PACKAGE_VERSION "0.7cvs"
#define PACKAGE_STRING "wsnet-2.0 0.7cvs"
#define PACKAGE_BUGREPORT ""
#define PACKAGE_URL ""
#define PACKAGE "wsnet-2-0"
#define VERSION "0.7cvs"
#define STDC_HEADERS 1
#define HAVE_SYS_TYPES_H 1
#define HAVE_SYS_STAT_H 1
#define HAVE_STDLIB_H 1
#define HAVE_STRING_H 1
#define HAVE_MEMORY_H 1
#define HAVE_STRINGS_H 1
#define HAVE_INTTYPES_H 1
#define HAVE_STDINT_H 1
#define HAVE_UNISTD_H 1
#define HAVE_DLFCN_H 1
#define LT_OBJDIR ".libs/"

configure: exit 0
